<?xml version="1.0" encoding="UTF-8"?>
<testsuite xmlns:xsi="http://www.w3.org/2001/XMLSchema-instance" xsi:noNamespaceSchemaLocation="https://maven.apache.org/surefire/maven-surefire-plugin/xsd/surefire-test-report-3.0.xsd" version="3.0" name="TestSuite" time="266.862" tests="3" errors="0" skipped="0" failures="0">
  <properties>
    <property name="gopherProxySet" value="false"/>
    <property name="awt.toolkit" value="sun.lwawt.macosx.LWCToolkit"/>
    <property name="java.specification.version" value="11"/>
    <property name="sun.cpu.isalist" value=""/>
    <property name="sun.jnu.encoding" value="UTF-8"/>
    <property name="java.class.path" value="/Users/vrushankpatel/eclipse-workspace/PageObjectModelWithPageFactory/target/test-classes:/Users/vrushankpatel/eclipse-workspace/PageObjectModelWithPageFactory/target/classes:/Users/vrushankpatel/.m2/repository/org/apache/poi/poi/4.1.1/poi-4.1.1.jar:/Users/vrushankpatel/.m2/repository/commons-codec/commons-codec/1.13/commons-codec-1.13.jar:/Users/vrushankpatel/.m2/repository/org/apache/commons/commons-collections4/4.4/commons-collections4-4.4.jar:/Users/vrushankpatel/.m2/repository/org/apache/commons/commons-math3/3.6.1/commons-math3-3.6.1.jar:/Users/vrushankpatel/.m2/repository/org/apache/poi/poi-ooxml/4.1.1/poi-ooxml-4.1.1.jar:/Users/vrushankpatel/.m2/repository/org/apache/commons/commons-compress/1.19/commons-compress-1.19.jar:/Users/vrushankpatel/.m2/repository/com/github/virtuald/curvesapi/1.06/curvesapi-1.06.jar:/Users/vrushankpatel/.m2/repository/dom4j/dom4j/1.6.1/dom4j-1.6.1.jar:/Users/vrushankpatel/.m2/repository/xml-apis/xml-apis/1.0.b2/xml-apis-1.0.b2.jar:/Users/vrushankpatel/.m2/repository/org/apache/xmlbeans/xmlbeans/3.1.0/xmlbeans-3.1.0.jar:/Users/vrushankpatel/.m2/repository/org/apache/poi/poi-ooxml-schemas/4.1.1/poi-ooxml-schemas-4.1.1.jar:/Users/vrushankpatel/.m2/repository/org/seleniumhq/selenium/selenium-java/4.15.0/selenium-java-4.15.0.jar:/Users/vrushankpatel/.m2/repository/org/seleniumhq/selenium/selenium-api/4.15.0/selenium-api-4.15.0.jar:/Users/vrushankpatel/.m2/repository/org/seleniumhq/selenium/selenium-chrome-driver/4.15.0/selenium-chrome-driver-4.15.0.jar:/Users/vrushankpatel/.m2/repository/org/seleniumhq/selenium/selenium-chromium-driver/4.15.0/selenium-chromium-driver-4.15.0.jar:/Users/vrushankpatel/.m2/repository/org/seleniumhq/selenium/selenium-devtools-v117/4.15.0/selenium-devtools-v117-4.15.0.jar:/Users/vrushankpatel/.m2/repository/org/seleniumhq/selenium/selenium-devtools-v118/4.15.0/selenium-devtools-v118-4.15.0.jar:/Users/vrushankpatel/.m2/repository/org/seleniumhq/selenium/selenium-devtools-v119/4.15.0/selenium-devtools-v119-4.15.0.jar:/Users/vrushankpatel/.m2/repository/org/seleniumhq/selenium/selenium-devtools-v85/4.15.0/selenium-devtools-v85-4.15.0.jar:/Users/vrushankpatel/.m2/repository/org/seleniumhq/selenium/selenium-edge-driver/4.15.0/selenium-edge-driver-4.15.0.jar:/Users/vrushankpatel/.m2/repository/org/seleniumhq/selenium/selenium-firefox-driver/4.15.0/selenium-firefox-driver-4.15.0.jar:/Users/vrushankpatel/.m2/repository/org/seleniumhq/selenium/selenium-ie-driver/4.15.0/selenium-ie-driver-4.15.0.jar:/Users/vrushankpatel/.m2/repository/org/seleniumhq/selenium/selenium-safari-driver/4.15.0/selenium-safari-driver-4.15.0.jar:/Users/vrushankpatel/.m2/repository/org/seleniumhq/selenium/selenium-support/4.15.0/selenium-support-4.15.0.jar:/Users/vrushankpatel/.m2/repository/log4j/log4j/1.2.17/log4j-1.2.17.jar:/Users/vrushankpatel/.m2/repository/com/aventstack/extentreports/4.1.5/extentreports-4.1.5.jar:/Users/vrushankpatel/.m2/repository/org/freemarker/freemarker/2.3.29/freemarker-2.3.29.jar:/Users/vrushankpatel/.m2/repository/org/apache/httpcomponents/httpclient/4.5.2/httpclient-4.5.2.jar:/Users/vrushankpatel/.m2/repository/org/apache/httpcomponents/httpcore/4.4.4/httpcore-4.4.4.jar:/Users/vrushankpatel/.m2/repository/commons-logging/commons-logging/1.2/commons-logging-1.2.jar:/Users/vrushankpatel/.m2/repository/org/apache/httpcomponents/httpmime/4.5.2/httpmime-4.5.2.jar:/Users/vrushankpatel/.m2/repository/com/google/code/gson/gson/2.8.6/gson-2.8.6.jar:/Users/vrushankpatel/.m2/repository/org/mongodb/mongodb-driver/3.12.0/mongodb-driver-3.12.0.jar:/Users/vrushankpatel/.m2/repository/org/mongodb/mongodb-driver-core/3.12.0/mongodb-driver-core-3.12.0.jar:/Users/vrushankpatel/.m2/repository/org/mongodb/bson/3.12.0/bson-3.12.0.jar:/Users/vrushankpatel/.m2/repository/org/uncommons/reportng/1.1.4/reportng-1.1.4.jar:/Users/vrushankpatel/.m2/repository/velocity/velocity/1.4/velocity-1.4.jar:/Users/vrushankpatel/.m2/repository/velocity/velocity-dep/1.4/velocity-dep-1.4.jar:/Users/vrushankpatel/.m2/repository/com/google/inject/guice/4.2.3/guice-4.2.3.jar:/Users/vrushankpatel/.m2/repository/javax/inject/javax.inject/1/javax.inject-1.jar:/Users/vrushankpatel/.m2/repository/aopalliance/aopalliance/1.0/aopalliance-1.0.jar:/Users/vrushankpatel/.m2/repository/com/google/guava/guava/27.1-jre/guava-27.1-jre.jar:/Users/vrushankpatel/.m2/repository/com/google/guava/failureaccess/1.0.1/failureaccess-1.0.1.jar:/Users/vrushankpatel/.m2/repository/com/google/guava/listenablefuture/9999.0-empty-to-avoid-conflict-with-guava/listenablefuture-9999.0-empty-to-avoid-conflict-with-guava.jar:/Users/vrushankpatel/.m2/repository/com/google/code/findbugs/jsr305/3.0.2/jsr305-3.0.2.jar:/Users/vrushankpatel/.m2/repository/org/checkerframework/checker-qual/2.5.2/checker-qual-2.5.2.jar:/Users/vrushankpatel/.m2/repository/com/google/errorprone/error_prone_annotations/2.2.0/error_prone_annotations-2.2.0.jar:/Users/vrushankpatel/.m2/repository/com/google/j2objc/j2objc-annotations/1.1/j2objc-annotations-1.1.jar:/Users/vrushankpatel/.m2/repository/org/codehaus/mojo/animal-sniffer-annotations/1.17/animal-sniffer-annotations-1.17.jar:/Users/vrushankpatel/.m2/repository/mysql/mysql-connector-java/8.0.20/mysql-connector-java-8.0.20.jar:/Users/vrushankpatel/.m2/repository/com/google/protobuf/protobuf-java/3.6.1/protobuf-java-3.6.1.jar:/Users/vrushankpatel/.m2/repository/org/slf4j/slf4j-simple/1.7.30/slf4j-simple-1.7.30.jar:/Users/vrushankpatel/.m2/repository/org/slf4j/slf4j-api/1.7.30/slf4j-api-1.7.30.jar:/Users/vrushankpatel/.m2/repository/org/testng/testng/7.7.1/testng-7.7.1.jar:/Users/vrushankpatel/.m2/repository/com/beust/jcommander/1.82/jcommander-1.82.jar:/Users/vrushankpatel/.m2/repository/org/webjars/jquery/3.6.1/jquery-3.6.1.jar:/Users/vrushankpatel/.m2/repository/org/seleniumhq/selenium/selenium-remote-driver/4.16.1/selenium-remote-driver-4.16.1.jar:/Users/vrushankpatel/.m2/repository/com/google/auto/service/auto-service-annotations/1.1.1/auto-service-annotations-1.1.1.jar:/Users/vrushankpatel/.m2/repository/io/opentelemetry/opentelemetry-api/1.28.0/opentelemetry-api-1.28.0.jar:/Users/vrushankpatel/.m2/repository/io/opentelemetry/opentelemetry-context/1.28.0/opentelemetry-context-1.28.0.jar:/Users/vrushankpatel/.m2/repository/io/opentelemetry/opentelemetry-exporter-logging/1.28.0/opentelemetry-exporter-logging-1.28.0.jar:/Users/vrushankpatel/.m2/repository/io/opentelemetry/opentelemetry-sdk-metrics/1.28.0/opentelemetry-sdk-metrics-1.28.0.jar:/Users/vrushankpatel/.m2/repository/io/opentelemetry/opentelemetry-extension-incubator/1.28.0-alpha/opentelemetry-extension-incubator-1.28.0-alpha.jar:/Users/vrushankpatel/.m2/repository/io/opentelemetry/opentelemetry-sdk-logs/1.28.0/opentelemetry-sdk-logs-1.28.0.jar:/Users/vrushankpatel/.m2/repository/io/opentelemetry/opentelemetry-sdk-common/1.28.0/opentelemetry-sdk-common-1.28.0.jar:/Users/vrushankpatel/.m2/repository/io/opentelemetry/opentelemetry-sdk-extension-autoconfigure-spi/1.28.0/opentelemetry-sdk-extension-autoconfigure-spi-1.28.0.jar:/Users/vrushankpatel/.m2/repository/io/opentelemetry/opentelemetry-sdk-extension-autoconfigure/1.28.0/opentelemetry-sdk-extension-autoconfigure-1.28.0.jar:/Users/vrushankpatel/.m2/repository/io/opentelemetry/opentelemetry-api-events/1.28.0-alpha/opentelemetry-api-events-1.28.0-alpha.jar:/Users/vrushankpatel/.m2/repository/io/opentelemetry/opentelemetry-sdk-trace/1.28.0/opentelemetry-sdk-trace-1.28.0.jar:/Users/vrushankpatel/.m2/repository/io/opentelemetry/opentelemetry-sdk/1.28.0/opentelemetry-sdk-1.28.0.jar:/Users/vrushankpatel/.m2/repository/io/opentelemetry/opentelemetry-semconv/1.28.0-alpha/opentelemetry-semconv-1.28.0-alpha.jar:/Users/vrushankpatel/.m2/repository/net/bytebuddy/byte-buddy/1.14.5/byte-buddy-1.14.5.jar:/Users/vrushankpatel/.m2/repository/org/seleniumhq/selenium/selenium-http/4.16.1/selenium-http-4.16.1.jar:/Users/vrushankpatel/.m2/repository/dev/failsafe/failsafe/3.3.2/failsafe-3.3.2.jar:/Users/vrushankpatel/.m2/repository/org/seleniumhq/selenium/selenium-json/4.16.1/selenium-json-4.16.1.jar:/Users/vrushankpatel/.m2/repository/org/seleniumhq/selenium/selenium-manager/4.16.1/selenium-manager-4.16.1.jar:/Users/vrushankpatel/.m2/repository/org/seleniumhq/selenium/selenium-os/4.16.1/selenium-os-4.16.1.jar:/Users/vrushankpatel/.m2/repository/org/apache/commons/commons-exec/1.3/commons-exec-1.3.jar:"/>
    <property name="java.vm.vendor" value="Oracle Corporation"/>
    <property name="sun.arch.data.model" value="64"/>
    <property name="java.vendor.url" value="https://openjdk.java.net/"/>
    <property name="user.timezone" value="America/Toronto"/>
    <property name="java.vm.specification.version" value="11"/>
    <property name="os.name" value="Mac OS X"/>
    <property name="sun.java.launcher" value="SUN_STANDARD"/>
    <property name="user.country" value="CA"/>
    <property name="sun.boot.library.path" value="/Library/Java/JavaVirtualMachines/jdk-11.0.14.jdk/Contents/Home/lib"/>
    <property name="sun.java.command" value="/Users/vrushankpatel/eclipse-workspace/PageObjectModelWithPageFactory/target/surefire/surefirebooter-20240423120816326_3.jar /Users/vrushankpatel/eclipse-workspace/PageObjectModelWithPageFactory/target/surefire 2024-04-23T12-08-16_215-jvmRun1 surefire-20240423120816326_1tmp surefire_0-20240423120816326_2tmp"/>
    <property name="http.nonProxyHosts" value="local|*.local|169.254/16|*.169.254/16"/>
    <property name="jdk.debug" value="release"/>
    <property name="surefire.test.class.path" value="/Users/vrushankpatel/eclipse-workspace/PageObjectModelWithPageFactory/target/test-classes:/Users/vrushankpatel/eclipse-workspace/PageObjectModelWithPageFactory/target/classes:/Users/vrushankpatel/.m2/repository/org/apache/poi/poi/4.1.1/poi-4.1.1.jar:/Users/vrushankpatel/.m2/repository/commons-codec/commons-codec/1.13/commons-codec-1.13.jar:/Users/vrushankpatel/.m2/repository/org/apache/commons/commons-collections4/4.4/commons-collections4-4.4.jar:/Users/vrushankpatel/.m2/repository/org/apache/commons/commons-math3/3.6.1/commons-math3-3.6.1.jar:/Users/vrushankpatel/.m2/repository/org/apache/poi/poi-ooxml/4.1.1/poi-ooxml-4.1.1.jar:/Users/vrushankpatel/.m2/repository/org/apache/commons/commons-compress/1.19/commons-compress-1.19.jar:/Users/vrushankpatel/.m2/repository/com/github/virtuald/curvesapi/1.06/curvesapi-1.06.jar:/Users/vrushankpatel/.m2/repository/dom4j/dom4j/1.6.1/dom4j-1.6.1.jar:/Users/vrushankpatel/.m2/repository/xml-apis/xml-apis/1.0.b2/xml-apis-1.0.b2.jar:/Users/vrushankpatel/.m2/repository/org/apache/xmlbeans/xmlbeans/3.1.0/xmlbeans-3.1.0.jar:/Users/vrushankpatel/.m2/repository/org/apache/poi/poi-ooxml-schemas/4.1.1/poi-ooxml-schemas-4.1.1.jar:/Users/vrushankpatel/.m2/repository/org/seleniumhq/selenium/selenium-java/4.15.0/selenium-java-4.15.0.jar:/Users/vrushankpatel/.m2/repository/org/seleniumhq/selenium/selenium-api/4.15.0/selenium-api-4.15.0.jar:/Users/vrushankpatel/.m2/repository/org/seleniumhq/selenium/selenium-chrome-driver/4.15.0/selenium-chrome-driver-4.15.0.jar:/Users/vrushankpatel/.m2/repository/org/seleniumhq/selenium/selenium-chromium-driver/4.15.0/selenium-chromium-driver-4.15.0.jar:/Users/vrushankpatel/.m2/repository/org/seleniumhq/selenium/selenium-devtools-v117/4.15.0/selenium-devtools-v117-4.15.0.jar:/Users/vrushankpatel/.m2/repository/org/seleniumhq/selenium/selenium-devtools-v118/4.15.0/selenium-devtools-v118-4.15.0.jar:/Users/vrushankpatel/.m2/repository/org/seleniumhq/selenium/selenium-devtools-v119/4.15.0/selenium-devtools-v119-4.15.0.jar:/Users/vrushankpatel/.m2/repository/org/seleniumhq/selenium/selenium-devtools-v85/4.15.0/selenium-devtools-v85-4.15.0.jar:/Users/vrushankpatel/.m2/repository/org/seleniumhq/selenium/selenium-edge-driver/4.15.0/selenium-edge-driver-4.15.0.jar:/Users/vrushankpatel/.m2/repository/org/seleniumhq/selenium/selenium-firefox-driver/4.15.0/selenium-firefox-driver-4.15.0.jar:/Users/vrushankpatel/.m2/repository/org/seleniumhq/selenium/selenium-ie-driver/4.15.0/selenium-ie-driver-4.15.0.jar:/Users/vrushankpatel/.m2/repository/org/seleniumhq/selenium/selenium-safari-driver/4.15.0/selenium-safari-driver-4.15.0.jar:/Users/vrushankpatel/.m2/repository/org/seleniumhq/selenium/selenium-support/4.15.0/selenium-support-4.15.0.jar:/Users/vrushankpatel/.m2/repository/log4j/log4j/1.2.17/log4j-1.2.17.jar:/Users/vrushankpatel/.m2/repository/com/aventstack/extentreports/4.1.5/extentreports-4.1.5.jar:/Users/vrushankpatel/.m2/repository/org/freemarker/freemarker/2.3.29/freemarker-2.3.29.jar:/Users/vrushankpatel/.m2/repository/org/apache/httpcomponents/httpclient/4.5.2/httpclient-4.5.2.jar:/Users/vrushankpatel/.m2/repository/org/apache/httpcomponents/httpcore/4.4.4/httpcore-4.4.4.jar:/Users/vrushankpatel/.m2/repository/commons-logging/commons-logging/1.2/commons-logging-1.2.jar:/Users/vrushankpatel/.m2/repository/org/apache/httpcomponents/httpmime/4.5.2/httpmime-4.5.2.jar:/Users/vrushankpatel/.m2/repository/com/google/code/gson/gson/2.8.6/gson-2.8.6.jar:/Users/vrushankpatel/.m2/repository/org/mongodb/mongodb-driver/3.12.0/mongodb-driver-3.12.0.jar:/Users/vrushankpatel/.m2/repository/org/mongodb/mongodb-driver-core/3.12.0/mongodb-driver-core-3.12.0.jar:/Users/vrushankpatel/.m2/repository/org/mongodb/bson/3.12.0/bson-3.12.0.jar:/Users/vrushankpatel/.m2/repository/org/uncommons/reportng/1.1.4/reportng-1.1.4.jar:/Users/vrushankpatel/.m2/repository/velocity/velocity/1.4/velocity-1.4.jar:/Users/vrushankpatel/.m2/repository/velocity/velocity-dep/1.4/velocity-dep-1.4.jar:/Users/vrushankpatel/.m2/repository/com/google/inject/guice/4.2.3/guice-4.2.3.jar:/Users/vrushankpatel/.m2/repository/javax/inject/javax.inject/1/javax.inject-1.jar:/Users/vrushankpatel/.m2/repository/aopalliance/aopalliance/1.0/aopalliance-1.0.jar:/Users/vrushankpatel/.m2/repository/com/google/guava/guava/27.1-jre/guava-27.1-jre.jar:/Users/vrushankpatel/.m2/repository/com/google/guava/failureaccess/1.0.1/failureaccess-1.0.1.jar:/Users/vrushankpatel/.m2/repository/com/google/guava/listenablefuture/9999.0-empty-to-avoid-conflict-with-guava/listenablefuture-9999.0-empty-to-avoid-conflict-with-guava.jar:/Users/vrushankpatel/.m2/repository/com/google/code/findbugs/jsr305/3.0.2/jsr305-3.0.2.jar:/Users/vrushankpatel/.m2/repository/org/checkerframework/checker-qual/2.5.2/checker-qual-2.5.2.jar:/Users/vrushankpatel/.m2/repository/com/google/errorprone/error_prone_annotations/2.2.0/error_prone_annotations-2.2.0.jar:/Users/vrushankpatel/.m2/repository/com/google/j2objc/j2objc-annotations/1.1/j2objc-annotations-1.1.jar:/Users/vrushankpatel/.m2/repository/org/codehaus/mojo/animal-sniffer-annotations/1.17/animal-sniffer-annotations-1.17.jar:/Users/vrushankpatel/.m2/repository/mysql/mysql-connector-java/8.0.20/mysql-connector-java-8.0.20.jar:/Users/vrushankpatel/.m2/repository/com/google/protobuf/protobuf-java/3.6.1/protobuf-java-3.6.1.jar:/Users/vrushankpatel/.m2/repository/org/slf4j/slf4j-simple/1.7.30/slf4j-simple-1.7.30.jar:/Users/vrushankpatel/.m2/repository/org/slf4j/slf4j-api/1.7.30/slf4j-api-1.7.30.jar:/Users/vrushankpatel/.m2/repository/org/testng/testng/7.7.1/testng-7.7.1.jar:/Users/vrushankpatel/.m2/repository/com/beust/jcommander/1.82/jcommander-1.82.jar:/Users/vrushankpatel/.m2/repository/org/webjars/jquery/3.6.1/jquery-3.6.1.jar:/Users/vrushankpatel/.m2/repository/org/seleniumhq/selenium/selenium-remote-driver/4.16.1/selenium-remote-driver-4.16.1.jar:/Users/vrushankpatel/.m2/repository/com/google/auto/service/auto-service-annotations/1.1.1/auto-service-annotations-1.1.1.jar:/Users/vrushankpatel/.m2/repository/io/opentelemetry/opentelemetry-api/1.28.0/opentelemetry-api-1.28.0.jar:/Users/vrushankpatel/.m2/repository/io/opentelemetry/opentelemetry-context/1.28.0/opentelemetry-context-1.28.0.jar:/Users/vrushankpatel/.m2/repository/io/opentelemetry/opentelemetry-exporter-logging/1.28.0/opentelemetry-exporter-logging-1.28.0.jar:/Users/vrushankpatel/.m2/repository/io/opentelemetry/opentelemetry-sdk-metrics/1.28.0/opentelemetry-sdk-metrics-1.28.0.jar:/Users/vrushankpatel/.m2/repository/io/opentelemetry/opentelemetry-extension-incubator/1.28.0-alpha/opentelemetry-extension-incubator-1.28.0-alpha.jar:/Users/vrushankpatel/.m2/repository/io/opentelemetry/opentelemetry-sdk-logs/1.28.0/opentelemetry-sdk-logs-1.28.0.jar:/Users/vrushankpatel/.m2/repository/io/opentelemetry/opentelemetry-sdk-common/1.28.0/opentelemetry-sdk-common-1.28.0.jar:/Users/vrushankpatel/.m2/repository/io/opentelemetry/opentelemetry-sdk-extension-autoconfigure-spi/1.28.0/opentelemetry-sdk-extension-autoconfigure-spi-1.28.0.jar:/Users/vrushankpatel/.m2/repository/io/opentelemetry/opentelemetry-sdk-extension-autoconfigure/1.28.0/opentelemetry-sdk-extension-autoconfigure-1.28.0.jar:/Users/vrushankpatel/.m2/repository/io/opentelemetry/opentelemetry-api-events/1.28.0-alpha/opentelemetry-api-events-1.28.0-alpha.jar:/Users/vrushankpatel/.m2/repository/io/opentelemetry/opentelemetry-sdk-trace/1.28.0/opentelemetry-sdk-trace-1.28.0.jar:/Users/vrushankpatel/.m2/repository/io/opentelemetry/opentelemetry-sdk/1.28.0/opentelemetry-sdk-1.28.0.jar:/Users/vrushankpatel/.m2/repository/io/opentelemetry/opentelemetry-semconv/1.28.0-alpha/opentelemetry-semconv-1.28.0-alpha.jar:/Users/vrushankpatel/.m2/repository/net/bytebuddy/byte-buddy/1.14.5/byte-buddy-1.14.5.jar:/Users/vrushankpatel/.m2/repository/org/seleniumhq/selenium/selenium-http/4.16.1/selenium-http-4.16.1.jar:/Users/vrushankpatel/.m2/repository/dev/failsafe/failsafe/3.3.2/failsafe-3.3.2.jar:/Users/vrushankpatel/.m2/repository/org/seleniumhq/selenium/selenium-json/4.16.1/selenium-json-4.16.1.jar:/Users/vrushankpatel/.m2/repository/org/seleniumhq/selenium/selenium-manager/4.16.1/selenium-manager-4.16.1.jar:/Users/vrushankpatel/.m2/repository/org/seleniumhq/selenium/selenium-os/4.16.1/selenium-os-4.16.1.jar:/Users/vrushankpatel/.m2/repository/org/apache/commons/commons-exec/1.3/commons-exec-1.3.jar:"/>
    <property name="sun.cpu.endian" value="little"/>
    <property name="user.home" value="/Users/vrushankpatel"/>
    <property name="user.language" value="en"/>
    <property name="java.specification.vendor" value="Oracle Corporation"/>
    <property name="java.version.date" value="2022-01-18"/>
    <property name="java.home" value="/Library/Java/JavaVirtualMachines/jdk-11.0.14.jdk/Contents/Home"/>
    <property name="file.separator" value="/"/>
    <property name="basedir" value="/Users/vrushankpatel/eclipse-workspace/PageObjectModelWithPageFactory"/>
    <property name="java.vm.compressedOopsMode" value="Zero based"/>
    <property name="line.separator" value="&#10;"/>
    <property name="java.specification.name" value="Java Platform API Specification"/>
    <property name="java.vm.specification.vendor" value="Oracle Corporation"/>
    <property name="java.awt.graphicsenv" value="sun.awt.CGraphicsEnvironment"/>
    <property name="surefire.real.class.path" value="/Users/vrushankpatel/eclipse-workspace/PageObjectModelWithPageFactory/target/surefire/surefirebooter-20240423120816326_3.jar"/>
    <property name="sun.management.compiler" value="HotSpot 64-Bit Tiered Compilers"/>
    <property name="ftp.nonProxyHosts" value="local|*.local|169.254/16|*.169.254/16"/>
    <property name="java.runtime.version" value="11.0.14+8-LTS-263"/>
    <property name="user.name" value="vrushankpatel"/>
    <property name="path.separator" value=":"/>
    <property name="os.version" value="14.2.1"/>
    <property name="java.runtime.name" value="Java(TM) SE Runtime Environment"/>
    <property name="file.encoding" value="UTF-8"/>
    <property name="java.vm.name" value="Java HotSpot(TM) 64-Bit Server VM"/>
    <property name="java.vendor.version" value="18.9"/>
    <property name="localRepository" value="/Users/vrushankpatel/.m2/repository"/>
    <property name="java.vendor.url.bug" value="https://bugreport.java.com/bugreport/"/>
    <property name="java.io.tmpdir" value="/var/folders/r7/2cg4qrj553336b23z_43gxgr0000gn/T/"/>
    <property name="java.version" value="11.0.14"/>
    <property name="user.dir" value="/Users/vrushankpatel/eclipse-workspace/PageObjectModelWithPageFactory"/>
    <property name="os.arch" value="x86_64"/>
    <property name="java.vm.specification.name" value="Java Virtual Machine Specification"/>
    <property name="java.awt.printerjob" value="sun.lwawt.macosx.CPrinterJob"/>
    <property name="sun.os.patch.level" value="unknown"/>
    <property name="java.library.path" value="/Users/vrushankpatel/Library/Java/Extensions:/Library/Java/Extensions:/Network/Library/Java/Extensions:/System/Library/Java/Extensions:/usr/lib/java:."/>
    <property name="java.vendor" value="Oracle Corporation"/>
    <property name="java.vm.info" value="mixed mode"/>
    <property name="java.vm.version" value="11.0.14+8-LTS-263"/>
    <property name="sun.io.unicode.encoding" value="UnicodeBig"/>
    <property name="java.class.version" value="55.0"/>
    <property name="socksNonProxyHosts" value="local|*.local|169.254/16|*.169.254/16"/>
  </properties>
  <testcase name="findCarTest" classname="testCases.FindCarTest" time="38.964">
    <system-out><![CDATA[Successfully connected to MySQL server
[1, 2, 3, 4, 5]
Tata Cars
]]></system-out>
    <system-err><![CDATA[Apr. 23, 2024 12:08:57 P.M. org.openqa.selenium.devtools.CdpVersionFinder findNearestMatch
WARNING: Unable to find CDP implementation matching 124
Apr. 23, 2024 12:08:57 P.M. org.openqa.selenium.chromium.ChromiumDriver lambda$new$5
WARNING: Unable to find version of CDP to use for 124.0.6367.62. You may need to include a dependency on a specific version of the CDP using something similar to `org.seleniumhq.selenium:selenium-devtools-v86:4.15.0` where the version ("v86") matches the version of the chromium-based browser you're using and the version number of the artifact is the same as Selenium's.
Apr. 23, 2024 12:09:23 P.M. baseTest.BaseTest setUp
INFO: Navigating to the website
]]></system-err>
  </testcase>
  <testcase name="newLaunchesNameAndPriceTest" classname="testCases.FindCarTest" time="40.467">
    <system-out><![CDATA[Successfully connected to MySQL server
[1, 2, 3, 4, 5]
Car Name = Aston Martin VantageCar Price = Rs. 3.99 Crore
Car Name = Ferrari Purosangue SUVCar Price = Rs. 10.50 Crore
Car Name = Mahindra Bolero Neo PlusCar Price = Rs. 11.39 Lakh
Car Name = Skoda SuperbCar Price = Rs. 54.00 Lakh
Car Name = Kia SonetCar Price = Rs. 7.99 Lakh
Car Name = Kia CarensCar Price = Rs. 10.52 Lakh
Car Name = Toyota Urban Cruiser TaisorCar Price = Rs. 7.74 Lakh
Car Name = Kia SeltosCar Price = Rs. 10.90 Lakh
Car Name = Lexus LMCar Price = Rs. 2.00 Crore
Car Name = Hyundai Creta N LineCar Price = Rs. 16.82 Lakh
]]></system-out>
    <system-err><![CDATA[Apr. 23, 2024 12:10:12 P.M. baseTest.BaseTest tearDown
INFO: Quiting the browser
Apr. 23, 2024 12:10:17 P.M. org.openqa.selenium.devtools.CdpVersionFinder findNearestMatch
WARNING: Unable to find CDP implementation matching 124
Apr. 23, 2024 12:10:17 P.M. org.openqa.selenium.chromium.ChromiumDriver lambda$new$5
WARNING: Unable to find version of CDP to use for 124.0.6367.62. You may need to include a dependency on a specific version of the CDP using something similar to `org.seleniumhq.selenium:selenium-devtools-v86:4.15.0` where the version ("v86") matches the version of the chromium-based browser you're using and the version number of the artifact is the same as Selenium's.
Apr. 23, 2024 12:10:23 P.M. baseTest.BaseTest setUp
INFO: Navigating to the website
]]></system-err>
  </testcase>
  <testcase name="newLaunchesTest" classname="testCases.FindCarTest" time="37.559">
    <system-out><![CDATA[Successfully connected to MySQL server
[1, 2, 3, 4, 5]
New Car Launches
]]></system-out>
    <system-err><![CDATA[Apr. 23, 2024 12:11:23 P.M. baseTest.BaseTest tearDown
INFO: Quiting the browser
Apr. 23, 2024 12:11:29 P.M. org.openqa.selenium.devtools.CdpVersionFinder findNearestMatch
WARNING: Unable to find CDP implementation matching 124
Apr. 23, 2024 12:11:29 P.M. org.openqa.selenium.chromium.ChromiumDriver lambda$new$5
WARNING: Unable to find version of CDP to use for 124.0.6367.62. You may need to include a dependency on a specific version of the CDP using something similar to `org.seleniumhq.selenium:selenium-devtools-v86:4.15.0` where the version ("v86") matches the version of the chromium-based browser you're using and the version number of the artifact is the same as Selenium's.
Apr. 23, 2024 12:11:55 P.M. baseTest.BaseTest setUp
INFO: Navigating to the website
]]></system-err>
  </testcase>
</testsuite>