<?xml version="1.0" encoding="UTF-8"?>
<!-- Generated by org.testng.reporters.JUnitReportReporter -->
<testsuite hostname="Vrushanks-MacBook-Pro.local" failures="0" tests="3" name="testCases.FindCarTest" time="87.765" errors="0" timestamp="2024-04-09T16:27:43 EDT" skipped="0">
  <testcase classname="testCases.FindCarTest" name="findCarTest" time="31.876"/>
  <system-out/>
  <testcase classname="testCases.FindCarTest" name="newLaunchesNameAndPriceTest" time="27.070"/>
  <system-out/>
  <testcase classname="testCases.FindCarTest" name="newLaunchesTest" time="28.819"/>
  <system-out/>
</testsuite> <!-- testCases.FindCarTest -->
