<?xml version="1.0" encoding="UTF-8"?>
<!-- Generated by org.testng.reporters.JUnitReportReporter -->
<testsuite hostname="Vrushanks-MacBook-Pro.local" failures="0" tests="3" name="testCases.FindCarTest" time="265.083" errors="0" timestamp="2024-04-23T12:12:43 EDT" skipped="0">
  <testcase classname="testCases.FindCarTest" name="newLaunchesNameAndPriceTest" time="71.489"/>
  <system-out/>
  <testcase classname="testCases.FindCarTest" name="findCarTest" time="80.787"/>
  <system-out/>
  <testcase classname="testCases.FindCarTest" name="newLaunchesTest" time="112.807"/>
  <system-out/>
</testsuite> <!-- testCases.FindCarTest -->
